MODULE=test.test_all \
TOPLEVEL=gpu \
VERILOG_SOURCES="src/pc.sv src/alu.sv src/cache_utils.svh src/dcr.sv src/arbiter_cache.sv src/utils.svh src/enums.svh src/warp_controller.sv src/decoder.sv src/dispatch.sv src/ducttape2cores.sv src/fetcher.sv src/gpu.sv src/lsu.sv src/registers.sv src/scheduler.sv"  \
SIM=verilator \
EXTRA_ARGS="--cc --exe --build --trace -Isrc -Wno-WIDTHEXPAND -Wno-ASCRANGE -Wno-WIDTHTRUNC -Wno-CASEINCOMPLETE -Wno-UNSIGNED  -Wno-MULTIDRIVEN --compiler gcc -O3 -CFLAGS "-O3"" \
make -f /usr/lib/python3.13/site-packages/cocotb/share/makefiles/Makefile.sim
make[1]: Entering directory '/mnt/newhome/tiny-gpu'
rm -f results.xml
"make" -f /usr/lib/python3.13/site-packages/cocotb/share/makefiles/Makefile.sim results.xml
make[2]: Entering directory '/mnt/newhome/tiny-gpu'
rm -f results.xml
MODULE=test.test_all TESTCASE= TOPLEVEL=gpu TOPLEVEL_LANG=verilog \
         sim_build/Vtop  --cc --exe --build --trace -Isrc -Wno-WIDTHEXPAND -Wno-ASCRANGE -Wno-WIDTHTRUNC -Wno-CASEINCOMPLETE -Wno-UNSIGNED  -Wno-MULTIDRIVEN --compiler gcc -O3 -CFLAGS -O3  
     -.--ns INFO     gpi                                ..mbed/gpi_embed.cpp:79   in set_program_name_in_venv        Did not detect Python virtual environment. Using system-wide Python interpreter
     -.--ns INFO     gpi                                ../gpi/GpiCommon.cpp:101  in gpi_print_registered_impl       VPI registered
     0.00ns INFO     cocotb                             Running on Verilator version 5.034 2025-02-24
     0.00ns INFO     cocotb                             Running tests with cocotb v1.9.2 from /usr/lib/python3.13/site-packages/cocotb
     0.00ns INFO     cocotb                             Seeding Python random module with 1748496426
pygame 2.6.1 (SDL 2.32.56, Python 3.13.3)
Hello from the pygame community. https://www.pygame.org/contribute.html
     0.00ns INFO     cocotb.regression                  Found test test.test_negatives.test_negatives
     0.00ns INFO     cocotb.regression                  Found test test.test_matadd.test_matadd_8_threads
     0.00ns INFO     cocotb.regression                  Found test test.test_matadd.test_matadd_32_threads
     0.00ns INFO     cocotb.regression                  Found test test.test_matmul.test_matmul_2x2
     0.00ns INFO     cocotb.regression                  Found test test.test_matmul.test_matmul_4x4
     0.00ns INFO     cocotb.regression                  Found test test.test_load.test_load
     0.00ns INFO     cocotb.regression                  Found test test.test_alldmem.test_alldmem_basic
     0.00ns INFO     cocotb.regression                  Found test test.test_alldmem.test_alldmem_unrolled
     0.00ns INFO     cocotb.regression                  Found test test.test_alldmem.test_alldmem_64
     0.00ns INFO     cocotb.regression                  Found test test.test_alldmem.test_alldmem_hash
     0.00ns INFO     cocotb.regression                  running test_negatives (1/10)
using json initial data
PROGRAM IS
36869
37123
37376
16673
32801
61440
DATA IS
0
0
0
0
Running test: test_negatives
threads is 4
finished at cycle 208
5625000.00ns INFO     cocotb.regression                  test_negatives passed
5625000.00ns INFO     cocotb.regression                  running test_matadd_8_threads (2/10)
using json initial data
PROGRAM IS
20702
12303
37120
37384
37648
13328
29760
13600
30032
13893
14128
32886
61440
DATA IS
41
42
43
44
45
46
47
48
51
52
53
54
55
56
57
58
Running test: test_matadd_8_threads
threads is 8
finished at cycle 604
21175000.00ns INFO     cocotb.regression                  test_matadd_8_threads passed
21175000.00ns INFO     cocotb.regression                  running test_matadd_32_threads (3/10)
using json initial data
PROGRAM IS
0
20702
12303
37120
37408
37696
13328
29760
13600
30032
13893
14128
32886
61440
DATA IS
1
2
3
4
5
6
7
8
9
10
11
12
13
14
15
16
17
18
19
20
21
22
23
24
25
26
27
28
29
30
31
32
33
34
35
36
37
38
39
40
41
42
43
44
45
46
47
48
49
50
51
52
53
54
55
56
57
58
59
60
61
62
63
64
Running test: test_matadd_32_threads
threads is 32
finished at cycle 2014
71975000.00ns INFO     cocotb.regression                  test_matadd_32_threads passed
71975000.00ns INFO     cocotb.regression                  running test_matmul_2x2 (4/10)
using json initial data
PROGRAM IS
20702
12303
37121
37378
37632
37892
38152
26114
22370
18183
38912
39168
23138
15017
15011
31392
23442
15287
15284
31664
23723
14476
14737
8338
6156
14672
32920
61440
DATA IS
1
2
3
4
1
2
3
4
Running test: test_matmul_2x2
threads is 4
finished at cycle 963
[1, 2, 3, 4, 1, 2, 3, 4]
printing
[1, 2, 3, 4]
[1, 2, 3, 4]
0 0
0 1
1 0
1 1
printing2
[7, 10, 15, 22]
96500000.00ns INFO     cocotb.regression                  test_matmul_2x2 passed
96500000.00ns INFO     cocotb.regression                  running test_matmul_4x4 (5/10)
using json initial data
PROGRAM IS
0
20702
12303
37121
37380
37632
37904
38176
26114
22370
18183
38912
39168
23138
15017
15011
31392
23442
15287
15284
31664
23723
14476
14737
8338
6157
14672
32920
61440
DATA IS
1
2
3
4
5
6
2
3
1
2
1
4
5
6
1
3
1
2
3
4
1
6
7
2
1
2
3
4
5
6
7
3
Running test: test_matmul_4x4
threads is 16
finished at cycle 2781
[1, 2, 3, 4, 5, 6, 2, 3, 1, 2, 1, 4, 5, 6, 1, 3, 1, 2, 3, 4, 1, 6, 7, 2, 1, 2, 3, 4, 5, 6, 7, 3]
printing
[1, 2, 3, 4, 5, 6, 2, 3, 1, 2, 1, 4, 5, 6, 1, 3]
[1, 2, 3, 4, 1, 6, 7, 2, 1, 2, 3, 4, 5, 6, 7, 3]
0 0
0 1
0 2
0 3
1 0
1 1
1 2
1 3
2 0
2 1
2 2
2 3
3 0
3 1
3 2
3 3
printing2
[26, 44, 54, 32, 28, 68, 84, 49, 24, 40, 48, 24, 27, 66, 81, 45]
166475000.00ns INFO     cocotb.regression                  test_matmul_4x4 passed
166475000.00ns INFO     cocotb.regression                  running test_load (6/10)
using json initial data
PROGRAM IS
22238
13935
37380
38656
30816
14472
37124
13921
32872
0
0
39937
14204
8306
6148
61440
DATA IS
1
2
3
4
Running test: test_load
threads is 4
finished at cycle 1153
195750000.01ns INFO     cocotb.regression                  test_load passed
195750000.01ns INFO     cocotb.regression                  running test_alldmem_basic (7/10)
using 0 initial data
PROGRAM IS
39167
37121
20702
12303
20481
38152
37889
38664
38404
37376
39424
32768
12293
15012
8358
6155
12836
8231
6154
61440
DATA IS
0
Running test: test_alldmem
threads is 8
finished at cycle 5478
333150000.01ns INFO     cocotb.regression                  test_alldmem_basic passed
333150000.01ns INFO     cocotb.regression                  running test_alldmem_unrolled (8/10)
using 0 initial data
PROGRAM IS
37376
37128
20702
12303
20481
37121
12833
32768
12289
32768
12289
32768
12289
32768
12289
32768
12289
32768
12289
32768
12289
32768
12289
37176
12289
37124
8225
6149
61440
DATA IS
0
Running test: test_alldmem_unrolled
threads is 8
finished at cycle 3493
420925000.01ns INFO     cocotb.regression                  test_alldmem_unrolled failed
                                                           Traceback (most recent call last):
                                                             File "/mnt/newhome/tiny-gpu/test/test_alldmem.py", line 13, in test_alldmem_unrolled
                                                               await test_dmem(
                                                                   dut, "/home/thebu/newhome/tiny-gpu/tiny-gpu-assembler/asm_build/test_alldmem_unrolled.json")
                                                             File "/mnt/newhome/tiny-gpu/test/test_alldmem.py", line 70, in test_dmem
                                                               assert i == byte, f"Result mismatch: expected {i}, got {byte}"
                                                           AssertionError: Result mismatch: expected 160, got 0
                                                           assert 160 == 0
420925000.01ns INFO     cocotb.regression                  running test_alldmem_64 (9/10)
using 0 initial data
PROGRAM IS
39167
37124
20702
12303
20481
37376
39424
37121
32768
12289
32768
12289
32768
12289
32768
12289
37121
15009
37121
8353
6151
37121
12833
37184
12289
37121
8225
6150
61440
DATA IS
0
Running test: test_alldmem_64
threads is 64
finished at cycle 6306
579025000.01ns INFO     cocotb.regression                  test_alldmem_64 passed
579025000.01ns INFO     cocotb.regression                  running test_alldmem_hash (10/10)
using 0 initial data
PROGRAM IS
39167
37121
20702
12303
20481
38152
37889
38664
38404
37376
39424
37120
13057
21299
37128
13105
21299
13104
32771
12293
15012
8358
6155
12836
8231
6154
61440
DATA IS
0
Running test: test_alldmem_hash
threads is 8
finished at cycle 8333
787800000.01ns INFO     cocotb.regression                  test_alldmem_hash passed
787800000.01ns INFO     cocotb.regression                  *************************************************************************************************
                                                           ** TEST                                     STATUS  SIM TIME (ns)  REAL TIME (s)  RATIO (ns/s) **
                                                           *************************************************************************************************
                                                           ** test.test_negatives.test_negatives        PASS     5625000.00           0.07   84230489.13  **
                                                           ** test.test_matadd.test_matadd_8_threads    PASS    15550000.00           0.48   32203834.26  **
                                                           ** test.test_matadd.test_matadd_32_threads   PASS    50800000.00           0.66   77439768.09  **
                                                           ** test.test_matmul.test_matmul_2x2          PASS    24525000.00           0.29   84805401.68  **
                                                           ** test.test_matmul.test_matmul_4x4          PASS    69975000.00           0.71   98501325.98  **
                                                           ** test.test_load.test_load                  PASS    29275000.00           0.30   97515770.08  **
                                                           ** test.test_alldmem.test_alldmem_basic      PASS   137400000.00           2.42   56796263.16  **
                                                           ** test.test_alldmem.test_alldmem_unrolled   FAIL    87775000.00           1.71   51280802.34  **
                                                           ** test.test_alldmem.test_alldmem_64         PASS   158100000.00           2.51   62910077.51  **
                                                           ** test.test_alldmem.test_alldmem_hash       PASS   208775000.00           2.97   70253380.76  **
                                                           *************************************************************************************************
                                                           ** TESTS=10 PASS=9 FAIL=1 SKIP=0                    787800000.01          13.06   60329368.45  **
                                                           *************************************************************************************************
                                                           
- :0: Verilog $finish
make[2]: Leaving directory '/mnt/newhome/tiny-gpu'
make[1]: Leaving directory '/mnt/newhome/tiny-gpu'
